2025-07-31 10:28:59,548 - INFO - 🚀 开始增强数据加载分析
2025-07-31 10:28:59,548 - INFO - 数据集路径: /home/xuxuezhou/code/RoboTwin/data/move_can_pot
2025-07-31 10:28:59,548 - INFO - Episode数量: 50
2025-07-31 10:28:59,548 - INFO - 相机名称: ['head_camera', 'left_camera', 'right_camera']
2025-07-31 10:28:59,548 - INFO - 加载数据文件: /home/xuxuezhou/code/RoboTwin/data/move_can_pot/integration.pkl
2025-07-31 10:28:59,549 - INFO - ✅ 数据加载成功
2025-07-31 10:28:59,549 - INFO - ================================================================================
2025-07-31 10:28:59,549 - INFO - 📊 数据结构分析
2025-07-31 10:28:59,549 - INFO - ================================================================================
2025-07-31 10:28:59,550 - INFO - 数据键: ['image_data', 'qpos_data', 'action_data']
2025-07-31 10:28:59,550 - INFO - 数据类型: <class 'dict'>
2025-07-31 10:28:59,550 - INFO - 
🔍 分析键: image_data
2025-07-31 10:28:59,550 - INFO -    形状: torch.Size([50, 170, 24])
2025-07-31 10:28:59,550 - INFO -    数据类型: torch.float32
2025-07-31 10:28:59,550 - INFO -    设备: cpu
2025-07-31 10:28:59,550 - INFO -    数值范围: [0.000000, 1.000000]
2025-07-31 10:28:59,550 - INFO -    均值: 0.057300
2025-07-31 10:28:59,550 - INFO -    标准差: 0.189309
2025-07-31 10:28:59,560 - INFO -    非零元素数量: 24328
2025-07-31 10:28:59,560 - INFO -    总元素数量: 204000
2025-07-31 10:28:59,560 - INFO -    非零比例: 11.93%
2025-07-31 10:28:59,560 - INFO -    维度0统计: 范围=[0.015295, 0.346024], 均值=0.057300
2025-07-31 10:28:59,560 - INFO -    维度1统计: 范围=[0.012978, 0.182546], 均值=0.057300
2025-07-31 10:28:59,560 - INFO -    维度2统计: 范围=[0.000000, 0.283897], 均值=0.057300
2025-07-31 10:28:59,560 - INFO - 
🔍 分析键: qpos_data
2025-07-31 10:28:59,560 - INFO -    形状: torch.Size([50, 170, 14])
2025-07-31 10:28:59,560 - INFO -    数据类型: torch.float64
2025-07-31 10:28:59,560 - INFO -    设备: cpu
2025-07-31 10:28:59,560 - INFO -    数值范围: [-1.812155, 3.342351]
2025-07-31 10:28:59,560 - INFO -    均值: 0.318917
2025-07-31 10:28:59,560 - INFO -    标准差: 0.826594
2025-07-31 10:28:59,560 - INFO -    非零元素数量: 64040
2025-07-31 10:28:59,561 - INFO -    总元素数量: 119000
2025-07-31 10:28:59,561 - INFO -    非零比例: 53.82%
2025-07-31 10:28:59,561 - INFO -    维度0统计: 范围=[0.283843, 0.475305], 均值=0.318917
2025-07-31 10:28:59,561 - INFO -    维度1统计: 范围=[0.142857, 0.418463], 均值=0.318917
2025-07-31 10:28:59,561 - INFO -    维度2统计: 范围=[-0.550812, 1.084266], 均值=0.318917
2025-07-31 10:28:59,561 - INFO - 
🔍 分析键: action_data
2025-07-31 10:28:59,561 - INFO -    形状: torch.Size([50, 170, 14])
2025-07-31 10:28:59,561 - INFO -    数据类型: torch.float64
2025-07-31 10:28:59,561 - INFO -    设备: cpu
2025-07-31 10:28:59,561 - INFO -    数值范围: [-1.812155, 3.342351]
2025-07-31 10:28:59,561 - INFO -    均值: 0.320148
2025-07-31 10:28:59,561 - INFO -    标准差: 0.828065
2025-07-31 10:28:59,561 - INFO -    非零元素数量: 64340
2025-07-31 10:28:59,561 - INFO -    总元素数量: 119000
2025-07-31 10:28:59,561 - INFO -    非零比例: 54.07%
2025-07-31 10:28:59,561 - INFO -    维度0统计: 范围=[0.285303, 0.477539], 均值=0.320148
2025-07-31 10:28:59,561 - INFO -    维度1统计: 范围=[0.142857, 0.418463], 均值=0.320148
2025-07-31 10:28:59,561 - INFO -    维度2统计: 范围=[-0.553611, 1.090884], 均值=0.320148
2025-07-31 10:28:59,561 - INFO - 
📈 数据集统计信息
2025-07-31 10:28:59,561 - INFO - ============================================================
2025-07-31 10:28:59,562 - INFO - 图像数据统计: {'shape': [50, 170, 24], 'min': 0.0, 'max': 1.0, 'mean': 0.05729987099766731, 'std': 0.18930932879447937, 'nonzero_ratio': 0.11925490200519562}
2025-07-31 10:28:59,562 - INFO - 关节位置统计: {'shape': [50, 170, 14], 'min': -1.8121548891067505, 'max': 3.342350721359253, 'mean': 0.31891707444621836, 'std': 0.8265944598174583}
2025-07-31 10:28:59,562 - INFO - 动作数据统计: {'shape': [50, 170, 14], 'min': -1.8121548891067505, 'max': 3.342350721359253, 'mean': 0.32014769975072344, 'std': 0.8280649142741568}
2025-07-31 10:28:59,562 - INFO - 
🎯 Episode 0 详细分析
2025-07-31 10:28:59,562 - INFO - ------------------------------------------------------------
2025-07-31 10:28:59,562 - INFO - 图像数据形状: torch.Size([170, 24])
2025-07-31 10:28:59,562 - INFO - BBox维度: 24
2025-07-31 10:28:59,562 - INFO -   时间步 0: bbox数据范围=[0.000000, 1.000000]
2025-07-31 10:28:59,562 - INFO -     head_cam, 检测0: [0.8943959474563599, 0.15062402188777924, 1.0, 0.3841681480407715]
2025-07-31 10:28:59,562 - INFO -     head_cam, 检测1: [0.0, 0.0, 0.0, 0.0]
2025-07-31 10:28:59,562 - INFO -     left_wrist_cam, 检测0: [0.0, 0.0, 0.0, 0.0]
2025-07-31 10:28:59,562 - INFO -     left_wrist_cam, 检测1: [0.0, 0.0, 0.0, 0.0]
2025-07-31 10:28:59,562 - INFO -     right_wrist_cam, 检测0: [0.4550681710243225, 0.4636566936969757, 0.6396073698997498, 0.9357798099517822]
2025-07-31 10:28:59,562 - INFO -     right_wrist_cam, 检测1: [0.0, 0.0, 0.0, 0.0]
2025-07-31 10:28:59,562 - INFO -   时间步 1: bbox数据范围=[0.000000, 0.999976]
2025-07-31 10:28:59,562 - INFO -     head_cam, 检测0: [0.894505500793457, 0.15001408755779266, 0.9999763369560242, 0.38504400849342346]
2025-07-31 10:28:59,562 - INFO -     head_cam, 检测1: [0.0, 0.0, 0.0, 0.0]
2025-07-31 10:28:59,562 - INFO -     left_wrist_cam, 检测0: [0.0, 0.0, 0.0, 0.0]
2025-07-31 10:28:59,562 - INFO -     left_wrist_cam, 检测1: [0.0, 0.0, 0.0, 0.0]
2025-07-31 10:28:59,562 - INFO -     right_wrist_cam, 检测0: [0.45522013306617737, 0.4638294577598572, 0.6395478248596191, 0.9366078972816467]
2025-07-31 10:28:59,562 - INFO -     right_wrist_cam, 检测1: [0.0, 0.0, 0.0, 0.0]
2025-07-31 10:28:59,562 - INFO -   时间步 2: bbox数据范围=[0.000000, 1.000000]
2025-07-31 10:28:59,562 - INFO -     head_cam, 检测0: [0.894207775592804, 0.1506734937429428, 1.0, 0.38496914505958557]
2025-07-31 10:28:59,562 - INFO -     head_cam, 检测1: [0.0, 0.0, 0.0, 0.0]
2025-07-31 10:28:59,562 - INFO -     left_wrist_cam, 检测0: [0.0, 0.0, 0.0, 0.0]
2025-07-31 10:28:59,562 - INFO -     left_wrist_cam, 检测1: [0.0, 0.0, 0.0, 0.0]
2025-07-31 10:28:59,562 - INFO -     right_wrist_cam, 检测0: [0.4547696113586426, 0.4602051079273224, 0.6396952867507935, 0.9339883923530579]
2025-07-31 10:28:59,563 - INFO -     right_wrist_cam, 检测1: [0.0, 0.0, 0.0, 0.0]
2025-07-31 10:28:59,563 - INFO -   时间步 3: bbox数据范围=[0.000000, 1.000000]
2025-07-31 10:28:59,563 - INFO -     head_cam, 检测0: [0.8941705822944641, 0.15071171522140503, 1.0, 0.38564327359199524]
2025-07-31 10:28:59,563 - INFO -     head_cam, 检测1: [0.0, 0.0, 0.0, 0.0]
2025-07-31 10:28:59,563 - INFO -     left_wrist_cam, 检测0: [0.0, 0.0, 0.0, 0.0]
2025-07-31 10:28:59,563 - INFO -     left_wrist_cam, 检测1: [0.0, 0.0, 0.0, 0.0]
2025-07-31 10:28:59,563 - INFO -     right_wrist_cam, 检测0: [0.4542296528816223, 0.4461274743080139, 0.639314591884613, 0.9180780053138733]
2025-07-31 10:28:59,563 - INFO -     right_wrist_cam, 检测1: [0.0, 0.0, 0.0, 0.0]
2025-07-31 10:28:59,563 - INFO -   时间步 4: bbox数据范围=[0.000000, 1.000000]
2025-07-31 10:28:59,563 - INFO -     head_cam, 检测0: [0.8942589163780212, 0.15054316818714142, 1.0, 0.3855879008769989]
2025-07-31 10:28:59,563 - INFO -     head_cam, 检测1: [0.0, 0.0, 0.0, 0.0]
2025-07-31 10:28:59,563 - INFO -     left_wrist_cam, 检测0: [0.0, 0.0, 0.0, 0.0]
2025-07-31 10:28:59,563 - INFO -     left_wrist_cam, 检测1: [0.0, 0.0, 0.0, 0.0]
2025-07-31 10:28:59,563 - INFO -     right_wrist_cam, 检测0: [0.4527968466281891, 0.411476194858551, 0.6384808421134949, 0.8846588730812073]
2025-07-31 10:28:59,563 - INFO -     right_wrist_cam, 检测1: [0.0, 0.0, 0.0, 0.0]
2025-07-31 10:28:59,563 - INFO - 关节位置数据形状: torch.Size([170, 14])
2025-07-31 10:28:59,563 - INFO - 关节位置范围: [-1.314864, 2.486132]
2025-07-31 10:28:59,563 - INFO -   关节 0: 范围=[0.000000, 0.000000], 均值=0.000000
2025-07-31 10:28:59,563 - INFO -   关节 1: 范围=[0.000000, 0.000000], 均值=0.000000
2025-07-31 10:28:59,563 - INFO -   关节 2: 范围=[0.000000, 0.000000], 均值=0.000000
2025-07-31 10:28:59,563 - INFO -   关节 3: 范围=[0.000000, 0.000000], 均值=0.000000
2025-07-31 10:28:59,563 - INFO -   关节 4: 范围=[0.000000, 0.000000], 均值=0.000000
2025-07-31 10:28:59,563 - INFO - 动作数据形状: torch.Size([170, 14])
2025-07-31 10:28:59,563 - INFO - 动作范围: [-1.314864, 2.486132]
2025-07-31 10:28:59,563 - INFO -   动作维度 0: 范围=[0.000000, 0.000000], 均值=0.000000
2025-07-31 10:28:59,563 - INFO -   动作维度 1: 范围=[0.000000, 0.000000], 均值=0.000000
2025-07-31 10:28:59,563 - INFO -   动作维度 2: 范围=[0.000000, 0.000000], 均值=0.000000
2025-07-31 10:28:59,563 - INFO -   动作维度 3: 范围=[0.000000, 0.000000], 均值=0.000000
2025-07-31 10:28:59,563 - INFO -   动作维度 4: 范围=[0.000000, 0.000000], 均值=0.000000
2025-07-31 10:28:59,563 - INFO - 
🎯 Episode 1 详细分析
2025-07-31 10:28:59,563 - INFO - ------------------------------------------------------------
2025-07-31 10:28:59,564 - INFO - 图像数据形状: torch.Size([170, 24])
2025-07-31 10:28:59,564 - INFO - BBox维度: 24
2025-07-31 10:28:59,564 - INFO -   时间步 0: bbox数据范围=[0.000000, 1.000000]
2025-07-31 10:28:59,564 - INFO -     head_cam, 检测0: [0.08124416321516037, 0.11667376011610031, 0.2091515064239502, 0.3507898151874542]
2025-07-31 10:28:59,564 - INFO -     head_cam, 检测1: [0.4625677168369293, 1.1793773410317954e-05, 0.5589908957481384, 0.21232952177524567]
2025-07-31 10:28:59,564 - INFO -     left_wrist_cam, 检测0: [0.5737592577934265, 0.4364551901817322, 0.7510346174240112, 0.8796501755714417]
2025-07-31 10:28:59,564 - INFO -     left_wrist_cam, 检测1: [0.0, 0.0, 0.0, 0.0]
2025-07-31 10:28:59,564 - INFO -     right_wrist_cam, 检测0: [0.8729918599128723, 0.19758009910583496, 0.9782938957214355, 0.6566186547279358]
2025-07-31 10:28:59,564 - INFO -     right_wrist_cam, 检测1: [0.8877525329589844, 0.020627658814191818, 1.0, 0.9995545148849487]
2025-07-31 10:28:59,564 - INFO -   时间步 1: bbox数据范围=[0.000000, 1.000000]
2025-07-31 10:28:59,564 - INFO -     head_cam, 检测0: [0.08128584176301956, 0.11644424498081207, 0.20932547748088837, 0.350604385137558]
2025-07-31 10:28:59,564 - INFO -     head_cam, 检测1: [0.46218761801719666, 1.0585785275907256e-05, 0.5589151978492737, 0.21203003823757172]
2025-07-31 10:28:59,564 - INFO -     left_wrist_cam, 检测0: [0.5737995505332947, 0.43738824129104614, 0.7514645457267761, 0.8789766430854797]
2025-07-31 10:28:59,564 - INFO -     left_wrist_cam, 检测1: [0.0, 0.0, 0.0, 0.0]
2025-07-31 10:28:59,564 - INFO -     right_wrist_cam, 检测0: [0.873051643371582, 0.19794006645679474, 0.977874755859375, 0.6568598747253418]
2025-07-31 10:28:59,564 - INFO -     right_wrist_cam, 检测1: [0.887610137462616, 0.01931324042379856, 1.0, 0.999647319316864]
2025-07-31 10:28:59,564 - INFO -   时间步 2: bbox数据范围=[0.000000, 1.000000]
2025-07-31 10:28:59,564 - INFO -     head_cam, 检测0: [0.08121426403522491, 0.11639970541000366, 0.20940522849559784, 0.3506420850753784]
2025-07-31 10:28:59,564 - INFO -     head_cam, 检测1: [0.4620290696620941, 6.453196419897722e-06, 0.5593155026435852, 0.21222716569900513]
2025-07-31 10:28:59,564 - INFO -     left_wrist_cam, 检测0: [0.5730603933334351, 0.4355500638484955, 0.7506332993507385, 0.8782129287719727]
2025-07-31 10:28:59,564 - INFO -     left_wrist_cam, 检测1: [0.0, 0.0, 0.0, 0.0]
2025-07-31 10:28:59,564 - INFO -     right_wrist_cam, 检测0: [0.8731500506401062, 0.19746552407741547, 0.9784780740737915, 0.6572533249855042]
2025-07-31 10:28:59,564 - INFO -     right_wrist_cam, 检测1: [0.8877107501029968, 0.01899039000272751, 1.0, 0.9995525479316711]
2025-07-31 10:28:59,564 - INFO -   时间步 3: bbox数据范围=[0.000000, 1.000000]
2025-07-31 10:28:59,564 - INFO -     head_cam, 检测0: [0.08135635405778885, 0.11677596718072891, 0.20925267040729523, 0.3522399365901947]
2025-07-31 10:28:59,564 - INFO -     head_cam, 检测1: [0.4624693989753723, 9.18706336960895e-06, 0.5591186881065369, 0.21245554089546204]
2025-07-31 10:28:59,564 - INFO -     left_wrist_cam, 检测0: [0.5725695490837097, 0.43131911754608154, 0.7506420016288757, 0.8718492984771729]
2025-07-31 10:28:59,564 - INFO -     left_wrist_cam, 检测1: [0.0, 0.0, 0.0, 0.0]
2025-07-31 10:28:59,564 - INFO -     right_wrist_cam, 检测0: [0.8720607757568359, 0.19745931029319763, 0.9784685373306274, 0.6566413044929504]
2025-07-31 10:28:59,564 - INFO -     right_wrist_cam, 检测1: [0.8876684308052063, 0.020138932392001152, 1.0, 0.9995808005332947]
2025-07-31 10:28:59,564 - INFO -   时间步 4: bbox数据范围=[0.000000, 1.000000]
2025-07-31 10:28:59,564 - INFO -     head_cam, 检测0: [0.08113565295934677, 0.11653652787208557, 0.20937056839466095, 0.35078322887420654]
2025-07-31 10:28:59,564 - INFO -     head_cam, 检测1: [0.4620479643344879, 1.757939753588289e-05, 0.558938205242157, 0.212401881814003]
2025-07-31 10:28:59,564 - INFO -     left_wrist_cam, 检测0: [0.5711323618888855, 0.417432576417923, 0.7478579878807068, 0.8590308427810669]
2025-07-31 10:28:59,564 - INFO -     left_wrist_cam, 检测1: [0.0, 0.0, 0.0, 0.0]
2025-07-31 10:28:59,564 - INFO -     right_wrist_cam, 检测0: [0.8723382949829102, 0.19772689044475555, 0.9780550003051758, 0.6570515036582947]
2025-07-31 10:28:59,564 - INFO -     right_wrist_cam, 检测1: [0.8875547647476196, 0.017071852460503578, 1.0, 0.9995661973953247]
2025-07-31 10:28:59,564 - INFO - 关节位置数据形状: torch.Size([170, 14])
2025-07-31 10:28:59,564 - INFO - 关节位置范围: [-1.381627, 2.663469]
2025-07-31 10:28:59,564 - INFO -   关节 0: 范围=[-0.329947, 0.037962], 均值=-0.108465
2025-07-31 10:28:59,564 - INFO -   关节 1: 范围=[0.000000, 2.639532], 均值=1.968915
2025-07-31 10:28:59,565 - INFO -   关节 2: 范围=[0.000000, 2.663469], 均值=1.712692
2025-07-31 10:28:59,565 - INFO -   关节 3: 范围=[-1.381627, 0.000000], 均值=-0.904106
2025-07-31 10:28:59,565 - INFO -   关节 4: 范围=[-0.095165, 0.212160], 均值=0.079050
2025-07-31 10:28:59,565 - INFO - 动作数据形状: torch.Size([170, 14])
2025-07-31 10:28:59,565 - INFO - 动作范围: [-1.381627, 2.663469]
2025-07-31 10:28:59,565 - INFO -   动作维度 0: 范围=[-0.329947, 0.037962], 均值=-0.110345
2025-07-31 10:28:59,565 - INFO -   动作维度 1: 范围=[0.000000, 2.639532], 均值=1.980425
2025-07-31 10:28:59,565 - INFO -   动作维度 2: 范围=[0.000000, 2.663469], 均值=1.720558
2025-07-31 10:28:59,565 - INFO -   动作维度 3: 范围=[-1.381627, 0.000000], 均值=-0.907875
2025-07-31 10:28:59,565 - INFO -   动作维度 4: 范围=[-0.095165, 0.212160], 均值=0.078514
2025-07-31 10:28:59,565 - INFO - 
🎯 Episode 2 详细分析
2025-07-31 10:28:59,565 - INFO - ------------------------------------------------------------
2025-07-31 10:28:59,565 - INFO - 图像数据形状: torch.Size([170, 24])
2025-07-31 10:28:59,565 - INFO - BBox维度: 24
2025-07-31 10:28:59,565 - INFO -   时间步 0: bbox数据范围=[0.000000, 0.927026]
2025-07-31 10:28:59,565 - INFO -     head_cam, 检测0: [0.04978001117706299, 0.14545254409313202, 0.18329386413097382, 0.3808494806289673]
2025-07-31 10:28:59,565 - INFO -     head_cam, 检测1: [0.0, 0.0, 0.0, 0.0]
2025-07-31 10:28:59,565 - INFO -     left_wrist_cam, 检测0: [0.5299718379974365, 0.4597211480140686, 0.7148162722587585, 0.9270256757736206]
2025-07-31 10:28:59,565 - INFO -     left_wrist_cam, 检测1: [0.0, 0.0, 0.0, 0.0]
2025-07-31 10:28:59,565 - INFO -     right_wrist_cam, 检测0: [0.0, 0.0, 0.0, 0.0]
2025-07-31 10:28:59,565 - INFO -     right_wrist_cam, 检测1: [0.0, 0.0, 0.0, 0.0]
2025-07-31 10:28:59,565 - INFO -   时间步 1: bbox数据范围=[0.000000, 0.926164]
2025-07-31 10:28:59,565 - INFO -     head_cam, 检测0: [0.04983124881982803, 0.14534655213356018, 0.18333576619625092, 0.3804841637611389]
2025-07-31 10:28:59,565 - INFO -     head_cam, 检测1: [0.0, 0.0, 0.0, 0.0]
2025-07-31 10:28:59,565 - INFO -     left_wrist_cam, 检测0: [0.5299567580223083, 0.4597879946231842, 0.7153165936470032, 0.9261642694473267]
2025-07-31 10:28:59,565 - INFO -     left_wrist_cam, 检测1: [0.0, 0.0, 0.0, 0.0]
2025-07-31 10:28:59,565 - INFO -     right_wrist_cam, 检测0: [0.0, 0.0, 0.0, 0.0]
2025-07-31 10:28:59,565 - INFO -     right_wrist_cam, 检测1: [0.0, 0.0, 0.0, 0.0]
2025-07-31 10:28:59,566 - INFO -   时间步 2: bbox数据范围=[0.000000, 0.926204]
2025-07-31 10:28:59,566 - INFO -     head_cam, 检测0: [0.04976332187652588, 0.14526313543319702, 0.18344493210315704, 0.38081979751586914]
2025-07-31 10:28:59,566 - INFO -     head_cam, 检测1: [0.0, 0.0, 0.0, 0.0]
2025-07-31 10:28:59,566 - INFO -     left_wrist_cam, 检测0: [0.5294412970542908, 0.45897993445396423, 0.7146534323692322, 0.9262040853500366]
2025-07-31 10:28:59,566 - INFO -     left_wrist_cam, 检测1: [0.0, 0.0, 0.0, 0.0]
2025-07-31 10:28:59,566 - INFO -     right_wrist_cam, 检测0: [0.0, 0.0, 0.0, 0.0]
2025-07-31 10:28:59,566 - INFO -     right_wrist_cam, 检测1: [0.0, 0.0, 0.0, 0.0]
2025-07-31 10:28:59,566 - INFO -   时间步 3: bbox数据范围=[0.000000, 0.925190]
2025-07-31 10:28:59,566 - INFO -     head_cam, 检测0: [0.04986182972788811, 0.14531561732292175, 0.18317811191082, 0.38062435388565063]
2025-07-31 10:28:59,566 - INFO -     head_cam, 检测1: [0.0, 0.0, 0.0, 0.0]
2025-07-31 10:28:59,566 - INFO -     left_wrist_cam, 检测0: [0.5289885401725769, 0.45784643292427063, 0.7145518660545349, 0.9251896142959595]
2025-07-31 10:28:59,566 - INFO -     left_wrist_cam, 检测1: [0.0, 0.0, 0.0, 0.0]
2025-07-31 10:28:59,566 - INFO -     right_wrist_cam, 检测0: [0.0, 0.0, 0.0, 0.0]
2025-07-31 10:28:59,566 - INFO -     right_wrist_cam, 检测1: [0.0, 0.0, 0.0, 0.0]
2025-07-31 10:28:59,566 - INFO -   时间步 4: bbox数据范围=[0.000000, 0.924689]
2025-07-31 10:28:59,566 - INFO -     head_cam, 检测0: [0.04981529712677002, 0.1454853117465973, 0.18310606479644775, 0.3811042606830597]
2025-07-31 10:28:59,566 - INFO -     head_cam, 检测1: [0.0, 0.0, 0.0, 0.0]
2025-07-31 10:28:59,566 - INFO -     left_wrist_cam, 检测0: [0.5272387862205505, 0.4586147665977478, 0.7120547294616699, 0.9246887564659119]
2025-07-31 10:28:59,566 - INFO -     left_wrist_cam, 检测1: [0.0, 0.0, 0.0, 0.0]
2025-07-31 10:28:59,566 - INFO -     right_wrist_cam, 检测0: [0.0, 0.0, 0.0, 0.0]
2025-07-31 10:28:59,566 - INFO -     right_wrist_cam, 检测1: [0.0, 0.0, 0.0, 0.0]
2025-07-31 10:28:59,566 - INFO - 关节位置数据形状: torch.Size([170, 14])
2025-07-31 10:28:59,566 - INFO - 关节位置范围: [-1.326253, 2.510652]
2025-07-31 10:28:59,566 - INFO -   关节 0: 范围=[-0.306433, 0.021635], 均值=-0.120656
2025-07-31 10:28:59,566 - INFO -   关节 1: 范围=[0.000000, 2.510652], 均值=1.957030
2025-07-31 10:28:59,566 - INFO -   关节 2: 范围=[0.000000, 2.431071], 均值=1.675867
2025-07-31 10:28:59,566 - INFO -   关节 3: 范围=[-1.326253, 0.000000], 均值=-0.953790
2025-07-31 10:28:59,566 - INFO -   关节 4: 范围=[-0.050075, 0.107465], 均值=0.014077
2025-07-31 10:28:59,566 - INFO - 动作数据形状: torch.Size([170, 14])
2025-07-31 10:28:59,567 - INFO - 动作范围: [-1.326253, 2.510652]
2025-07-31 10:28:59,567 - INFO -   动作维度 0: 范围=[-0.306433, 0.021635], 均值=-0.122427
2025-07-31 10:28:59,567 - INFO -   动作维度 1: 范围=[0.000000, 2.510652], 均值=1.969133
2025-07-31 10:28:59,567 - INFO -   动作维度 2: 范围=[0.000000, 2.431071], 均值=1.684873
2025-07-31 10:28:59,567 - INFO -   动作维度 3: 范围=[-1.326253, 0.000000], 均值=-0.958770
2025-07-31 10:28:59,567 - INFO -   动作维度 4: 范围=[-0.050075, 0.107465], 均值=0.013792
2025-07-31 10:28:59,567 - INFO - 
📊 计算标准化统计信息
2025-07-31 10:28:59,567 - INFO - ============================================================
2025-07-31 10:28:59,570 - INFO - 标准化统计信息: {'action_mean': array([  -0.039081,     0.92547,     0.79041,    -0.38784,    0.051222,    0.079387,     0.79515,    0.058554,      1.0907,     0.97542,    -0.55407,  -0.0086457,    -0.06302,      0.7658]), 'action_std': array([    0.11824,      1.1013,     0.99108,     0.61996,     0.18415,     0.26526,     0.38845,     0.11902,      1.1142,      1.0221,     0.57594,    0.056642,     0.27935,     0.40654]), 'qpos_mean': array([  -0.038305,     0.91985,     0.78652,    -0.38612,      0.0512,    0.080073,     0.79515,      0.0576,       1.084,     0.97038,    -0.55126,  -0.0088308,   -0.063988,      0.7658]), 'qpos_std': array([    0.11747,      1.1007,     0.99125,      0.6192,     0.18371,     0.26464,     0.38845,     0.11829,      1.1144,       1.023,     0.57642,    0.056492,      0.2786,     0.40654])}
2025-07-31 10:28:59,570 - INFO - 
🔄 创建数据加载器
2025-07-31 10:28:59,570 - INFO - ============================================================
2025-07-31 10:28:59,573 - INFO - 
📊 分析训练数据加载器
2025-07-31 10:28:59,573 - INFO - 
🔄 数据加载器分析
2025-07-31 10:28:59,573 - INFO - ============================================================
2025-07-31 10:28:59,573 - INFO - 数据加载器长度: 2
2025-07-31 10:28:59,939 - INFO - 第一个batch类型: <class 'list'>
2025-07-31 10:28:59,939 - INFO - 第一个batch包含 7 个元素
2025-07-31 10:28:59,939 - INFO -   元素 0: 形状=torch.Size([32, 169, 24]), 类型=torch.float32, 范围=[0.000000, 1.000000]
2025-07-31 10:28:59,939 - INFO -   元素 1: 形状=torch.Size([32, 1]), 类型=torch.float32, 范围=[0.000000, 0.000000]
2025-07-31 10:28:59,939 - INFO -   元素 2: 形状=torch.Size([32, 169, 14]), 类型=torch.float64, 范围=[-1.812155, 3.333352]
2025-07-31 10:28:59,939 - INFO -   元素 3: 形状=torch.Size([32, 1]), 类型=torch.float32, 范围=[0.000000, 0.000000]
2025-07-31 10:28:59,939 - INFO -   元素 4: 形状=torch.Size([32, 1]), 类型=torch.float32, 范围=[0.000000, 0.000000]
2025-07-31 10:28:59,939 - INFO -   元素 5: 形状=torch.Size([32, 169, 14]), 类型=torch.float64, 范围=[-1.812155, 3.333352]
2025-07-31 10:28:59,940 - INFO -   元素 6: 形状=torch.Size([32, 1]), 类型=torch.float32, 范围=[0.000000, 0.000000]
2025-07-31 10:28:59,940 - INFO - 
📊 分析验证数据加载器
2025-07-31 10:28:59,940 - INFO - 
🔄 数据加载器分析
2025-07-31 10:28:59,940 - INFO - ============================================================
2025-07-31 10:28:59,940 - INFO - 数据加载器长度: 1
2025-07-31 10:29:00,234 - INFO - 第一个batch类型: <class 'list'>
2025-07-31 10:29:00,234 - INFO - 第一个batch包含 7 个元素
2025-07-31 10:29:00,235 - INFO -   元素 0: 形状=torch.Size([5, 169, 24]), 类型=torch.float32, 范围=[0.000000, 1.000000]
2025-07-31 10:29:00,235 - INFO -   元素 1: 形状=torch.Size([5, 1]), 类型=torch.float32, 范围=[0.000000, 0.000000]
2025-07-31 10:29:00,235 - INFO -   元素 2: 形状=torch.Size([5, 169, 14]), 类型=torch.float64, 范围=[-1.795390, 3.342351]
2025-07-31 10:29:00,235 - INFO -   元素 3: 形状=torch.Size([5, 1]), 类型=torch.float32, 范围=[0.000000, 0.000000]
2025-07-31 10:29:00,235 - INFO -   元素 4: 形状=torch.Size([5, 1]), 类型=torch.float32, 范围=[0.000000, 0.000000]
2025-07-31 10:29:00,235 - INFO -   元素 5: 形状=torch.Size([5, 169, 14]), 类型=torch.float64, 范围=[-1.795390, 3.342351]
2025-07-31 10:29:00,235 - INFO -   元素 6: 形状=torch.Size([5, 1]), 类型=torch.float32, 范围=[0.000000, 0.000000]
2025-07-31 10:29:00,235 - ERROR - ❌ 数据加载过程中出错: Object of type ndarray is not JSON serializable
2025-07-31 10:29:00,245 - ERROR - Traceback (most recent call last):
  File "/home/xuxuezhou/code/RoboTwin/enhanced_data_loader.py", line 261, in enhanced_load_data
    json.dump({
  File "/home/xuxuezhou/miniconda3/lib/python3.12/json/__init__.py", line 179, in dump
    for chunk in iterable:
  File "/home/xuxuezhou/miniconda3/lib/python3.12/json/encoder.py", line 432, in _iterencode
    yield from _iterencode_dict(o, _current_indent_level)
  File "/home/xuxuezhou/miniconda3/lib/python3.12/json/encoder.py", line 406, in _iterencode_dict
    yield from chunks
  File "/home/xuxuezhou/miniconda3/lib/python3.12/json/encoder.py", line 406, in _iterencode_dict
    yield from chunks
  File "/home/xuxuezhou/miniconda3/lib/python3.12/json/encoder.py", line 439, in _iterencode
    o = _default(o)
        ^^^^^^^^^^^
  File "/home/xuxuezhou/miniconda3/lib/python3.12/json/encoder.py", line 180, in default
    raise TypeError(f'Object of type {o.__class__.__name__} '
TypeError: Object of type ndarray is not JSON serializable

