/home/xuxuezhou/miniconda3/envs/RoboTwin/lib/python3.10/site-packages/ultralytics/nn/tasks.py:775: FutureWarning: You are using `torch.load` with `weights_only=False` (the current default value), which uses the default pickle module implicitly. It is possible to construct malicious pickle data which will execute arbitrary code during unpickling (See https://github.com/pytorch/pytorch/blob/main/SECURITY.md#untrusted-models for more details). In a future release, the default value for `weights_only` will be flipped to `True`. This limits the functions that could be executed during unpickling. Arbitrary objects will no longer be allowed to be loaded via this mode unless they are explicitly allowlisted by the user via `torch.serialization.add_safe_globals`. We recommend you start setting `weights_only=True` for any use case where you don't have full control of the loaded file. Please open an issue on GitHub for any issues related to this experimental feature.
  ckpt = torch.load(file, map_location="cpu")
/home/xuxuezhou/code/RoboTwin/policy/ManiBox/manibox/ManiBox/dataloader/data_load.py:21: FutureWarning: You are using `torch.load` with `weights_only=False` (the current default value), which uses the default pickle module implicitly. It is possible to construct malicious pickle data which will execute arbitrary code during unpickling (See https://github.com/pytorch/pytorch/blob/main/SECURITY.md#untrusted-models for more details). In a future release, the default value for `weights_only` will be flipped to `True`. This limits the functions that could be executed during unpickling. Arbitrary objects will no longer be allowed to be loaded via this mode unless they are explicitly allowlisted by the user via `torch.serialization.add_safe_globals`. We recommend you start setting `weights_only=True` for any use case where you don't have full control of the loaded file. Please open an issue on GitHub for any issues related to this experimental feature.
  data = torch.load(os.path.join(dataset_dir, "integration.pkl"), map_location='cpu')
Timestamp: 2025-07-29_19-41-14
scheduler: cos args.gradient_accumulation_steps 1
whether use acclerator: False
cur_path /home/xuxuezhou/code/RoboTwin/policy/ManiBox/manibox/ManiBox
num episodes 500
🔧 Using 2 object(s): ['apple', 'table']
📊 Expected bbox dimension: 24

Data from: policy/ManiBox/processed_data/manibox-grasp_bottles_bimanual

Traceback (most recent call last):
  File "/home/xuxuezhou/code/RoboTwin/policy/ManiBox/manibox/ManiBox/train.py", line 859, in <module>
    main()
  File "/home/xuxuezhou/code/RoboTwin/policy/ManiBox/manibox/ManiBox/train.py", line 855, in main
    train(args)
  File "/home/xuxuezhou/code/RoboTwin/policy/ManiBox/manibox/ManiBox/train.py", line 487, in train
    train_dataloader, val_dataloader, stats, _ = load_data(dataset_dir, num_episodes, args.arm_delay_time,
  File "/home/xuxuezhou/code/RoboTwin/policy/ManiBox/manibox/ManiBox/dataloader/data_load.py", line 57, in load_data
    norm_stats = get_norm_stats(dataset_dir, num_episodes, episode_begin, episode_end)
  File "/home/xuxuezhou/code/RoboTwin/policy/ManiBox/manibox/ManiBox/dataloader/data_load.py", line 21, in get_norm_stats
    data = torch.load(os.path.join(dataset_dir, "integration.pkl"), map_location='cpu')
  File "/home/xuxuezhou/miniconda3/envs/RoboTwin/lib/python3.10/site-packages/torch/serialization.py", line 1065, in load
    with _open_file_like(f, 'rb') as opened_file:
  File "/home/xuxuezhou/miniconda3/envs/RoboTwin/lib/python3.10/site-packages/torch/serialization.py", line 468, in _open_file_like
    return _open_file(name_or_buffer, mode)
  File "/home/xuxuezhou/miniconda3/envs/RoboTwin/lib/python3.10/site-packages/torch/serialization.py", line 449, in __init__
    super().__init__(open(name, mode))
FileNotFoundError: [Errno 2] No such file or directory: 'policy/ManiBox/processed_data/manibox-grasp_bottles_bimanual/integration.pkl'
